Started by timer
[Thu Aug 09 19:51:02 EDT 2018] Starting organization scan...
[Thu Aug 09 19:51:02 EDT 2018] Updating actions...
Looking up details of GitHub...
ERROR: [Thu Aug 09 19:51:03 EDT 2018] Could not refresh actions for navigator org.jenkinsci.plugins.github_branch_source.GitHubSCMNavigator@122cfb8f
java.io.FileNotFoundException: https://api.github.com/users/GitHub
	at com.squareup.okhttp.internal.huc.HttpURLConnectionImpl.getInputStream(HttpURLConnectionImpl.java:243)
	at com.squareup.okhttp.internal.huc.DelegatingHttpsURLConnection.getInputStream(DelegatingHttpsURLConnection.java:210)
	at com.squareup.okhttp.internal.huc.HttpsURLConnectionImpl.getInputStream(HttpsURLConnectionImpl.java:25)
	at org.kohsuke.github.Requester.parse(Requester.java:617)
	at org.kohsuke.github.Requester.parse(Requester.java:599)
	at org.kohsuke.github.Requester._to(Requester.java:277)
Caused: org.kohsuke.github.GHFileNotFoundException: {"message":"Bad credentials","documentation_url":"https://developer.github.com/v3"}
	at org.kohsuke.github.Requester.handleApiError(Requester.java:691)
	at org.kohsuke.github.Requester._to(Requester.java:298)
	at org.kohsuke.github.Requester.to(Requester.java:239)
	at org.kohsuke.github.GitHub.getUser(GitHub.java:397)
	at org.jenkinsci.plugins.github_branch_source.GitHubSCMNavigator.retrieveActions(GitHubSCMNavigator.java:1163)
	at jenkins.scm.api.SCMNavigator.fetchActions(SCMNavigator.java:315)
	at jenkins.branch.OrganizationFolder.computeChildren(OrganizationFolder.java:409)
	at com.cloudbees.hudson.plugins.folder.computed.ComputedFolder.updateChildren(ComputedFolder.java:276)
	at com.cloudbees.hudson.plugins.folder.computed.FolderComputation.run(FolderComputation.java:165)
	at jenkins.branch.OrganizationFolder$OrganizationScan.run(OrganizationFolder.java:910)
	at hudson.model.ResourceController.execute(ResourceController.java:97)
	at hudson.model.Executor.run(Executor.java:429)
[Thu Aug 09 19:51:03 EDT 2018] Consulting GitHub Organization
ERROR: [Thu Aug 09 19:51:03 EDT 2018] Could not fetch sources from navigator org.jenkinsci.plugins.github_branch_source.GitHubSCMNavigator@122cfb8f
hudson.AbortException: Invalid scan credentials prudhvipenmetsa/****** to connect to https://api.github.com, skipping
	at org.jenkinsci.plugins.github_branch_source.Connector.checkConnectionValidity(Connector.java:435)
	at org.jenkinsci.plugins.github_branch_source.GitHubSCMNavigator.visitSources(GitHubSCMNavigator.java:900)
	at jenkins.branch.OrganizationFolder.computeChildren(OrganizationFolder.java:458)
	at com.cloudbees.hudson.plugins.folder.computed.ComputedFolder.updateChildren(ComputedFolder.java:276)
	at com.cloudbees.hudson.plugins.folder.computed.FolderComputation.run(FolderComputation.java:165)
	at jenkins.branch.OrganizationFolder$OrganizationScan.run(OrganizationFolder.java:910)
	at hudson.model.ResourceController.execute(ResourceController.java:97)
	at hudson.model.Executor.run(Executor.java:429)
[Thu Aug 09 19:51:03 EDT 2018] Finished organization scan. Scan took 0.96 sec
FATAL: Invalid scan credentials prudhvipenmetsa/****** to connect to https://api.github.com, skipping
Finished: FAILURE
