 > git rev-parse --is-inside-work-tree # timeout=10
Fetching changes from the remote Git repository
 > git config remote.origin.url https://github.com/prudhvipenmetsa/WmPackages.git # timeout=10
Fetching upstream changes from https://github.com/prudhvipenmetsa/WmPackages.git
 > git --version # timeout=10
using GIT_ASKPASS to set credentials 
 > git fetch --tags --progress https://github.com/prudhvipenmetsa/WmPackages.git +refs/heads/*:refs/remotes/origin/*
ERROR: Error fetching remote repo 'origin'
hudson.plugins.git.GitException: Failed to fetch from https://github.com/prudhvipenmetsa/WmPackages.git
	at hudson.plugins.git.GitSCM.fetchFrom(GitSCM.java:888)
	at hudson.plugins.git.GitSCM.retrieveChanges(GitSCM.java:1155)
	at hudson.plugins.git.GitSCM.checkout(GitSCM.java:1186)
	at org.jenkinsci.plugins.workflow.steps.scm.SCMStep.checkout(SCMStep.java:113)
	at org.jenkinsci.plugins.workflow.steps.scm.SCMStep$StepExecutionImpl.run(SCMStep.java:85)
	at org.jenkinsci.plugins.workflow.steps.scm.SCMStep$StepExecutionImpl.run(SCMStep.java:75)
	at org.jenkinsci.plugins.workflow.steps.AbstractSynchronousNonBlockingStepExecution$1$1.call(AbstractSynchronousNonBlockingStepExecution.java:47)
	at hudson.security.ACL.impersonate(ACL.java:290)
	at org.jenkinsci.plugins.workflow.steps.AbstractSynchronousNonBlockingStepExecution$1.run(AbstractSynchronousNonBlockingStepExecution.java:44)
	at java.util.concurrent.Executors$RunnableAdapter.call(Executors.java:511)
	at java.util.concurrent.FutureTask.run(FutureTask.java:266)
	at java.util.concurrent.ThreadPoolExecutor.runWorker(ThreadPoolExecutor.java:1149)
	at java.util.concurrent.ThreadPoolExecutor$Worker.run(ThreadPoolExecutor.java:624)
	at java.lang.Thread.run(Thread.java:748)
Caused by: hudson.plugins.git.GitException: Command "git fetch --tags --progress https://github.com/prudhvipenmetsa/WmPackages.git +refs/heads/*:refs/remotes/origin/*" returned status code 128:
stdout: 
stderr: fatal: unable to access 'https://github.com/prudhvipenmetsa/WmPackages.git/': Could not resolve host: github.com; Unknown error

	at org.jenkinsci.plugins.gitclient.CliGitAPIImpl.launchCommandIn(CliGitAPIImpl.java:2002)
	at org.jenkinsci.plugins.gitclient.CliGitAPIImpl.launchCommandWithCredentials(CliGitAPIImpl.java:1721)
	at org.jenkinsci.plugins.gitclient.CliGitAPIImpl.access$300(CliGitAPIImpl.java:72)
	at org.jenkinsci.plugins.gitclient.CliGitAPIImpl$1.execute(CliGitAPIImpl.java:405)
	at hudson.plugins.git.GitSCM.fetchFrom(GitSCM.java:886)
	... 13 more
